Store#001|10000001|1
Store#001|10000002|3
Store#001|10100001|7
Store#001|10000001|23
Store#001|11140001|65
Store#001|10060001|11
Store#001|10007002|1
Store#001|10100801|12
Store#001|10000901|18
Store#001|11140201|1
Store#002|10000001|1
Store#002|10000002|3
Store#003|10100001|7
Store#003|10000001|23
Store#003|11140001|65
Store#004|10060001|11
Store#004|10007002|1
Store#004|10100801|12
Store#005|10000901|18
Store#005|11140201|1
10000001|1|Store#001|3.96
10000001|1|Store#001|322.96
10000002|3|Store#001|2.96
10100001|7|Store#001|32.96
10000001|23|Store#001|3.96
10000001|23|Store#001|322.96
11140001|65|Store#001|33.99
10060001|11|Store#001|3.99
10007002|1|Store#001|1.99
10100801|12|Store#001|432.96
10000901|18|Store#001|22.96
11140201|1|Store#001|3.99
10000001|1|Store#002|3.96
10000001|1|Store#002|322.96
10000002|3|Store#002|2.96
10100001|7|Store#003|32.96
10000001|23|Store#003|3.96
10000001|23|Store#003|322.96
11140001|65|Store#003|33.99
10060001|11|Store#004|3.99
10007002|1|Store#004|1.99
10100801|12|Store#004|432.96
10000901|18|Store#005|22.96
11140201|1|Store#005|3.99
10000001|3.96
10000001|322.96
10000002|2.96
10100001|32.96
10000001|3.96
10000001|322.96
11140001|33.99
10060001|3.99
10007002|1.99
10100801|432.96
10000901|22.96
11140201|3.99
10000001|3.96
10000001|322.96
10000002|2.96
10100001|32.96
10000001|3.96
10000001|322.96
11140001|33.99
10060001|3.99
10007002|1.99
10100801|432.96
10000901|22.96
11140201|3.99
